<?xml version="1.0" encoding="UTF-8"?>
<!-- Generated by org.testng.reporters.JUnitReportReporter -->
<testsuite hostname="BENSACHINB3" failures="0" tests="1" name="tests.TestsOnLocalAPI" time="1.142" errors="0" timestamp="2024-12-31T08:55:10 IST" skipped="0">
  <testcase classname="tests.TestsOnLocalAPI" name="deleteRequest" time="1.142"/>
</testsuite> <!-- tests.TestsOnLocalAPI -->
