<?xml version="1.0" encoding="UTF-8"?>
<!-- Generated by org.testng.reporters.JUnitReportReporter -->
<testsuite hostname="BENSACHINB3" failures="0" tests="1" name="tests.TestExamples" time="1.266" errors="0" timestamp="2024-12-29T23:37:45 IST" skipped="0">
  <testcase classname="tests.TestExamples" name="test" time="1.266"/>
</testsuite> <!-- tests.TestExamples -->
