<?xml version="1.0" encoding="UTF-8"?>
<!-- Generated by org.testng.reporters.JUnitReportReporter -->
<testsuite hostname="BENSACHINB3" failures="0" tests="3" name="tests.GetAndPostExamples" time="2.171" errors="0" timestamp="2024-12-30T17:46:59 IST" skipped="0">
  <testcase classname="tests.GetAndPostExamples" name="test" time="1.523"/>
  <testcase classname="tests.GetAndPostExamples" name="testGet" time="0.645"/>
  <testcase classname="tests.GetAndPostExamples" name="testPost" time="0.003"/>
</testsuite> <!-- tests.GetAndPostExamples -->
