<?xml version="1.0" encoding="UTF-8"?>
<!-- Generated by org.testng.reporters.JUnitReportReporter -->
<testsuite hostname="BENSACHINB3" failures="0" tests="2" name="tests.StaticImportTest" time="1.773" errors="0" timestamp="2024-12-30T17:47:25 IST" skipped="0">
  <testcase classname="tests.StaticImportTest" name="test_2" time="0.604"/>
  <testcase classname="tests.StaticImportTest" name="test_1" time="1.169"/>
</testsuite> <!-- tests.StaticImportTest -->
