<?xml version="1.0" encoding="UTF-8"?>
<!-- Generated by org.testng.reporters.JUnitReportReporter -->
<testsuite hostname="BENSACHINB3" failures="0" tests="1" name="tests.JSONSchemaValidator" time="1.730" errors="0" timestamp="2024-12-31T10:18:24 IST" skipped="0">
  <testcase classname="tests.JSONSchemaValidator" name="getRequest" time="1.730"/>
</testsuite> <!-- tests.JSONSchemaValidator -->
