<?xml version="1.0" encoding="UTF-8"?>
<!-- Generated by org.testng.reporters.JUnitReportReporter -->
<testsuite hostname="BENSACHINB3" failures="0" tests="2" name="tests.PutPatchDeleteExamples" time="2.437" errors="0" timestamp="2024-12-30T19:54:29 IST" skipped="0">
  <testcase classname="tests.PutPatchDeleteExamples" name="testDelete" time="2.039"/>
  <testcase classname="tests.PutPatchDeleteExamples" name="testPatch" time="0.398"/>
</testsuite> <!-- tests.PutPatchDeleteExamples -->
